# JRE version: Java(TM) SE Runtime Environment (8.0_102-b14) (build 1.8.0_102-b14)
# Java VM: Java HotSpot(TM) Client VM (25.102-b14 mixed mode, sharing windows-x86 )
Heap:
 def new generation   total 8064K, used 4972K [0x03c00000, 0x044c0000, 0x09150000)
  eden space 7168K,  56% used [0x03c00000, 0x03ffb0e0, 0x04300000)
  from space 896K, 100% used [0x04300000, 0x043e0000, 0x043e0000)
  to   space 896K,   0% used [0x043e0000, 0x043e0000, 0x044c0000)
 tenured generation   total 17792K, used 16384K [0x09150000, 0x0a2b0000, 0x13c00000)
   the space 17792K,  92% used [0x09150000, 0x0a150138, 0x0a150200, 0x0a2b0000)
 Metaspace       used 15701K, capacity 16463K, committed 16512K, reserved 16768K
GC Heap History (10 events):
Event: 12.602 GC heap before
{Heap before GC invocations=15 (full 1):
 def new generation   total 8064K, used 8064K [0x03c00000, 0x044c0000, 0x09150000)
  eden space 7168K, 100% used [0x03c00000, 0x04300000, 0x04300000)
  from space 896K, 100% used [0x043e0000, 0x044c0000, 0x044c0000)
  to   space 896K,   0% used [0x04300000, 0x04300000, 0x043e0000)
 tenured generation   total 17792K, used 11417K [0x09150000, 0x0a2b0000, 0x13c00000)
   the space 17792K,  64% used [0x09150000, 0x09c76720, 0x09c76800, 0x0a2b0000)
 Metaspace       used 13094K, capacity 13723K, committed 13824K, reserved 14720K
Event: 12.608 GC heap after
Heap after GC invocations=16 (full 1):
 def new generation   total 8064K, used 896K [0x03c00000, 0x044c0000, 0x09150000)
  eden space 7168K,   0% used [0x03c00000, 0x03c00000, 0x04300000)
  from space 896K, 100% used [0x04300000, 0x043e0000, 0x043e0000)
  to   space 896K,   0% used [0x043e0000, 0x043e0000, 0x044c0000)
 tenured generation   total 17792K, used 12714K [0x09150000, 0x0a2b0000, 0x13c00000)
   the space 17792K,  71% used [0x09150000, 0x09dba8b0, 0x09dbaa00, 0x0a2b0000)
 Metaspace       used 13094K, capacity 13723K, committed 13824K, reserved 14720K
}
Event: 12.789 GC heap before
{Heap before GC invocations=16 (full 1):
 def new generation   total 8064K, used 8064K [0x03c00000, 0x044c0000, 0x09150000)
  eden space 7168K, 100% used [0x03c00000, 0x04300000, 0x04300000)
  from space 896K, 100% used [0x04300000, 0x043e0000, 0x043e0000)
  to   space 896K,   0% used [0x043e0000, 0x043e0000, 0x044c0000)
 tenured generation   total 17792K, used 12714K [0x09150000, 0x0a2b0000, 0x13c00000)
   the space 17792K,  71% used [0x09150000, 0x09dba8b0, 0x09dbaa00, 0x0a2b0000)
 Metaspace       used 14101K, capacity 14747K, committed 14848K, reserved 15744K
Event: 12.793 GC heap after
Heap after GC invocations=17 (full 1):
 def new generation   total 8064K, used 896K [0x03c00000, 0x044c0000, 0x09150000)
  eden space 7168K,   0% used [0x03c00000, 0x03c00000, 0x04300000)
  from space 896K, 100% used [0x043e0000, 0x044c0000, 0x044c0000)
  to   space 896K,   0% used [0x04300000, 0x04300000, 0x043e0000)
 tenured generation   total 17792K, used 13665K [0x09150000, 0x0a2b0000, 0x13c00000)
   the space 17792K,  76% used [0x09150000, 0x09ea8588, 0x09ea8600, 0x0a2b0000)
 Metaspace       used 14101K, capacity 14747K, committed 14848K, reserved 15744K
}
Event: 12.919 GC heap before
{Heap before GC invocations=17 (full 1):
 def new generation   total 8064K, used 8064K [0x03c00000, 0x044c0000, 0x09150000)
  eden space 7168K, 100% used [0x03c00000, 0x04300000, 0x04300000)
  from space 896K, 100% used [0x043e0000, 0x044c0000, 0x044c0000)
  to   space 896K,   0% used [0x04300000, 0x04300000, 0x043e0000)
 tenured generation   total 17792K, used 13665K [0x09150000, 0x0a2b0000, 0x13c00000)
   the space 17792K,  76% used [0x09150000, 0x09ea8588, 0x09ea8600, 0x0a2b0000)
 Metaspace       used 14903K, capacity 15547K, committed 15616K, reserved 15744K
Event: 12.922 GC heap after
Heap after GC invocations=18 (full 1):
 def new generation   total 8064K, used 895K [0x03c00000, 0x044c0000, 0x09150000)
  eden space 7168K,   0% used [0x03c00000, 0x03c00000, 0x04300000)
  from space 896K,  99% used [0x04300000, 0x043dfff8, 0x043e0000)
  to   space 896K,   0% used [0x043e0000, 0x043e0000, 0x044c0000)
 tenured generation   total 17792K, used 14135K [0x09150000, 0x0a2b0000, 0x13c00000)
   the space 17792K,  79% used [0x09150000, 0x09f1df98, 0x09f1e000, 0x0a2b0000)
 Metaspace       used 14903K, capacity 15547K, committed 15616K, reserved 15744K
}
Event: 16.476 GC heap before
{Heap before GC invocations=18 (full 1):
 def new generation   total 8064K, used 8063K [0x03c00000, 0x044c0000, 0x09150000)
  eden space 7168K, 100% used [0x03c00000, 0x04300000, 0x04300000)
  from space 896K,  99% used [0x04300000, 0x043dfff8, 0x043e0000)
  to   space 896K,   0% used [0x043e0000, 0x043e0000, 0x044c0000)
 tenured generation   total 17792K, used 14135K [0x09150000, 0x0a2b0000, 0x13c00000)
   the space 17792K,  79% used [0x09150000, 0x09f1df98, 0x09f1e000, 0x0a2b0000)
 Metaspace       used 15202K, capacity 15890K, committed 16000K, reserved 16768K
Event: 16.490 GC heap after
Heap after GC invocations=19 (full 1):
 def new generation   total 8064K, used 896K [0x03c00000, 0x044c0000, 0x09150000)
  eden space 7168K,   0% used [0x03c00000, 0x03c00000, 0x04300000)
  from space 896K, 100% used [0x043e0000, 0x044c0000, 0x044c0000)
  to   space 896K,   0% used [0x04300000, 0x04300000, 0x043e0000)
 tenured generation   total 17792K, used 15275K [0x09150000, 0x0a2b0000, 0x13c00000)
   the space 17792K,  85% used [0x09150000, 0x0a03ad90, 0x0a03ae00, 0x0a2b0000)
 Metaspace       used 15202K, capacity 15890K, committed 16000K, reserved 16768K
}
Event: 17.498 GC heap before
{Heap before GC invocations=19 (full 1):
 def new generation   total 8064K, used 8064K [0x03c00000, 0x044c0000, 0x09150000)
  eden space 7168K, 100% used [0x03c00000, 0x04300000, 0x04300000)
  from space 896K, 100% used [0x043e0000, 0x044c0000, 0x044c0000)
  to   space 896K,   0% used [0x04300000, 0x04300000, 0x043e0000)
 tenured generation   total 17792K, used 15275K [0x09150000, 0x0a2b0000, 0x13c00000)
   the space 17792K,  85% used [0x09150000, 0x0a03ad90, 0x0a03ae00, 0x0a2b0000)
 Metaspace       used 15657K, capacity 16398K, committed 16512K, reserved 16768K
Event: 17.507 GC heap after
Heap after GC invocations=20 (full 1):
 def new generation   total 8064K, used 896K [0x03c00000, 0x044c0000, 0x09150000)
  eden space 7168K,   0% used [0x03c00000, 0x03c00000, 0x04300000)
  from space 896K, 100% used [0x04300000, 0x043e0000, 0x043e0000)
  to   space 896K,   0% used [0x043e0000, 0x043e0000, 0x044c0000)
 tenured generation   total 17792K, used 16384K [0x09150000, 0x0a2b0000, 0x13c00000)
   the space 17792K,  92% used [0x09150000, 0x0a150138, 0x0a150200, 0x0a2b0000)
 Metaspace       used 15657K, capacity 16398K, committed 16512K, reserved 16768K
}

